e:\github\dg1an3\warptps\warptpslib\debug\warptpslib.pch
e:\github\dg1an3\warptps\warptpslib\debug\vc142.pdb
e:\github\dg1an3\warptps\warptpslib\debug\vc142.idb
e:\github\dg1an3\warptps\warptpslib\debug\pch.obj
e:\github\dg1an3\warptps\warptpslib\debug\warptpslib.obj
e:\github\dg1an3\warptps\debug\warptpslib.ilk
e:\github\dg1an3\warptps\debug\warptpslib.dll
e:\github\dg1an3\warptps\debug\warptpslib.pdb
e:\github\dg1an3\warptps\warptpslib\debug\warptpslib.res
e:\github\dg1an3\warptps\debug\warptpslib.lib
e:\github\dg1an3\warptps\debug\warptpslib.exp
e:\github\dg1an3\warptps\warptpslib\debug\warptpslib.tlog\cl.command.1.tlog
e:\github\dg1an3\warptps\warptpslib\debug\warptpslib.tlog\cl.read.1.tlog
e:\github\dg1an3\warptps\warptpslib\debug\warptpslib.tlog\cl.write.1.tlog
e:\github\dg1an3\warptps\warptpslib\debug\warptpslib.tlog\link.command.1.tlog
e:\github\dg1an3\warptps\warptpslib\debug\warptpslib.tlog\link.read.1.tlog
e:\github\dg1an3\warptps\warptpslib\debug\warptpslib.tlog\link.write.1.tlog
e:\github\dg1an3\warptps\warptpslib\debug\warptpslib.tlog\rc.command.1.tlog
e:\github\dg1an3\warptps\warptpslib\debug\warptpslib.tlog\rc.read.1.tlog
e:\github\dg1an3\warptps\warptpslib\debug\warptpslib.tlog\rc.write.1.tlog
e:\github\dg1an3\warptps\warptpslib\debug\warptpslib.tlog\warptpslib.write.1u.tlog
